INFO 2025-07-02 15:24:52,947 autoreload 18104 15388 Watching for file changes with StatReloader
INFO 2025-07-02 15:25:59,764 autoreload 11476 11628 Watching for file changes with StatReloader
INFO 2025-07-02 15:27:19,606 autoreload 12316 7280 Watching for file changes with StatReloader
INFO 2025-07-02 15:29:04,296 autoreload 12316 7280 C:\Users\o.qosimov\Desktop\planshet\core\settings\base.py changed, reloading.
INFO 2025-07-02 15:29:05,088 autoreload 8752 9248 Watching for file changes with StatReloader
INFO 2025-07-02 15:29:10,760 basehttp 8752 15264 "GET /admin/ HTTP/1.1" 302 0
INFO 2025-07-02 15:29:10,773 basehttp 8752 15264 "GET /admin/login/?next=/admin/ HTTP/1.1" 200 3062
INFO 2025-07-02 15:29:10,926 basehttp 8752 15264 "GET /static/vendor/fontawesome-free/css/all.min.css HTTP/1.1" 200 103009
INFO 2025-07-02 15:29:10,934 basehttp 8752 15264 "GET /static/vendor/adminlte/js/adminlte.min.js HTTP/1.1" 200 44244
INFO 2025-07-02 15:29:10,943 basehttp 8752 15656 "GET /static/vendor/adminlte/css/adminlte.min.css HTTP/1.1" 200 1382975
INFO 2025-07-02 15:29:10,944 basehttp 8752 20404 "GET /static/jazzmin/css/main.css HTTP/1.1" 200 16969
INFO 2025-07-02 15:29:10,944 basehttp 8752 9772 "GET /static/vendor/adminlte/img/AdminLTELogo.png HTTP/1.1" 200 2637
INFO 2025-07-02 15:29:10,947 basehttp 8752 21152 "GET /static/vendor/bootstrap/js/bootstrap.min.js HTTP/1.1" 200 62440
INFO 2025-07-02 15:29:10,948 basehttp 8752 18100 "GET /static/vendor/adminlte/js/adminlte.min.js HTTP/1.1" 200 44244
INFO 2025-07-02 15:29:10,951 basehttp 8752 21712 "GET /static/admin/js/vendor/jquery/jquery.js HTTP/1.1" 200 285314
INFO 2025-07-02 15:29:11,059 basehttp 8752 18100 "GET /static/vendor/bootstrap/js/bootstrap.min.js HTTP/1.1" 200 62440
INFO 2025-07-02 15:29:11,063 basehttp 8752 21916 "GET /static/admin/js/vendor/jquery/jquery.js HTTP/1.1" 200 285314
INFO 2025-07-02 15:29:11,256 basehttp 8752 21712 "GET /static/vendor/fontawesome-free/webfonts/fa-solid-900.woff2 HTTP/1.1" 200 156400
INFO 2025-07-02 15:29:13,195 basehttp 8752 21712 "POST /admin/login/?next=/admin/ HTTP/1.1" 302 0
INFO 2025-07-02 15:29:13,256 basehttp 8752 21712 "GET /admin/ HTTP/1.1" 200 13689
INFO 2025-07-02 15:29:13,289 basehttp 8752 21712 "GET /static/jazzmin/js/main.js HTTP/1.1" 200 2391
INFO 2025-07-02 15:29:13,337 basehttp 8752 21712 "GET /static/vendor/fontawesome-free/webfonts/fa-regular-400.woff2 HTTP/1.1" 200 25392
INFO 2025-07-02 15:29:13,602 basehttp 8752 21916 "GET /static/jazzmin/js/main.js HTTP/1.1" 200 2391
INFO 2025-07-02 15:29:17,291 basehttp 8752 21712 "GET /admin/auth/user/ HTTP/1.1" 200 18547
INFO 2025-07-02 15:29:17,317 basehttp 8752 20404 "GET /static/admin/js/core.js HTTP/1.1" 200 6208
INFO 2025-07-02 15:29:17,317 basehttp 8752 15656 "GET /static/admin/js/jquery.init.js HTTP/1.1" 200 347
INFO 2025-07-02 15:29:17,317 basehttp 8752 15264 "GET /static/admin/js/actions.js HTTP/1.1" 200 8067
INFO 2025-07-02 15:29:17,318 basehttp 8752 9772 "GET /static/admin/js/admin/RelatedObjectLookups.js HTTP/1.1" 200 9042
INFO 2025-07-02 15:29:17,318 basehttp 8752 21712 "GET /static/vendor/select2/css/select2.min.css HTTP/1.1" 200 16264
INFO 2025-07-02 15:29:17,326 basehttp 8752 15656 "GET /static/admin/js/urlify.js HTTP/1.1" 200 7887
INFO 2025-07-02 15:29:17,330 basehttp 8752 20404 "GET /static/admin/js/prepopulate.js HTTP/1.1" 200 1531
INFO 2025-07-02 15:29:17,333 basehttp 8752 21916 "GET /static/admin/js/jquery.init.js HTTP/1.1" 200 347
INFO 2025-07-02 15:29:17,334 basehttp 8752 9772 "GET /static/admin/img/icon-yes.svg HTTP/1.1" 200 436
INFO 2025-07-02 15:29:17,335 basehttp 8752 18100 "GET /static/admin/js/core.js HTTP/1.1" 200 6208
INFO 2025-07-02 15:29:17,336 basehttp 8752 6396 "GET /static/admin/js/actions.js HTTP/1.1" 200 8067
INFO 2025-07-02 15:29:17,338 basehttp 8752 9576 "GET /static/admin/js/admin/RelatedObjectLookups.js HTTP/1.1" 200 9042
INFO 2025-07-02 15:29:17,339 basehttp 8752 15416 "GET /static/admin/js/urlify.js HTTP/1.1" 200 7887
INFO 2025-07-02 15:29:17,340 basehttp 8752 21712 "GET /static/vendor/select2/js/select2.min.js HTTP/1.1" 200 73170
INFO 2025-07-02 15:29:17,342 basehttp 8752 20652 "GET /static/admin/js/prepopulate.js HTTP/1.1" 200 1531
INFO 2025-07-02 15:29:17,342 basehttp 8752 9772 "GET /static/jazzmin/js/change_list.js HTTP/1.1" 200 2252
INFO 2025-07-02 15:29:17,344 basehttp 8752 15264 "GET /static/admin/js/vendor/xregexp/xregexp.js HTTP/1.1" 200 325171
INFO 2025-07-02 15:29:17,423 basehttp 8752 20652 "GET /static/jazzmin/js/change_list.js HTTP/1.1" 200 2252
INFO 2025-07-02 15:29:17,424 basehttp 8752 15416 "GET /static/vendor/select2/js/select2.min.js HTTP/1.1" 200 73170
INFO 2025-07-02 15:29:17,426 basehttp 8752 9576 "GET /static/admin/js/vendor/xregexp/xregexp.js HTTP/1.1" 200 325171
INFO 2025-07-02 15:29:17,464 basehttp 8752 21152 "GET /admin/jsi18n/ HTTP/1.1" 200 6253
INFO 2025-07-02 15:29:17,977 basehttp 8752 9576 "GET /admin/jsi18n/ HTTP/1.1" 200 6253
INFO 2025-07-02 15:29:18,462 basehttp 8752 21152 "GET /admin/authtoken/tokenproxy/ HTTP/1.1" 200 12039
INFO 2025-07-02 15:29:19,928 basehttp 8752 21152 "GET /admin/auth/user/ HTTP/1.1" 200 18547
INFO 2025-07-02 15:29:20,109 basehttp 8752 21152 "GET /admin/jsi18n/ HTTP/1.1" 200 6253
INFO 2025-07-02 15:29:20,292 basehttp 8752 9576 "GET /admin/jsi18n/ HTTP/1.1" 200 6253
INFO 2025-07-02 15:29:21,338 basehttp 8752 21152 "GET /admin/auth/user/1/change/ HTTP/1.1" 200 30956
INFO 2025-07-02 15:29:21,391 basehttp 8752 15656 "GET /static/admin/js/change_form.js HTTP/1.1" 200 606
INFO 2025-07-02 15:29:21,392 basehttp 8752 15264 "GET /static/admin/js/calendar.js HTTP/1.1" 200 9141
INFO 2025-07-02 15:29:21,392 basehttp 8752 9772 "GET /static/admin/js/SelectBox.js HTTP/1.1" 200 4530
INFO 2025-07-02 15:29:21,392 basehttp 8752 20404 "GET /static/admin/js/SelectFilter2.js HTTP/1.1" 200 15492
INFO 2025-07-02 15:29:21,392 basehttp 8752 21712 "GET /static/admin/js/admin/DateTimeShortcuts.js HTTP/1.1" 200 19319
INFO 2025-07-02 15:29:21,405 basehttp 8752 20404 "GET /static/admin/js/prepopulate_init.js HTTP/1.1" 200 586
INFO 2025-07-02 15:29:21,410 basehttp 8752 15656 "GET /static/jazzmin/js/change_form.js HTTP/1.1" 200 6052
INFO 2025-07-02 15:29:21,419 basehttp 8752 21916 "GET /static/admin/js/prepopulate_init.js HTTP/1.1" 200 586
INFO 2025-07-02 15:29:21,419 basehttp 8752 6396 "GET /static/admin/js/change_form.js HTTP/1.1" 200 606
INFO 2025-07-02 15:29:21,420 basehttp 8752 9576 "GET /static/admin/js/SelectBox.js HTTP/1.1" 200 4530
INFO 2025-07-02 15:29:21,420 basehttp 8752 20652 "GET /static/admin/js/calendar.js HTTP/1.1" 200 9141
INFO 2025-07-02 15:29:21,420 basehttp 8752 15416 "GET /static/admin/js/SelectFilter2.js HTTP/1.1" 200 15492
INFO 2025-07-02 15:29:21,420 basehttp 8752 18100 "GET /static/admin/js/admin/DateTimeShortcuts.js HTTP/1.1" 200 19319
INFO 2025-07-02 15:29:21,426 basehttp 8752 15656 "GET /static/admin/img/icon-addlink.svg HTTP/1.1" 200 331
INFO 2025-07-02 15:29:21,427 basehttp 8752 9576 "GET /static/jazzmin/js/change_form.js HTTP/1.1" 200 6052
INFO 2025-07-02 15:29:21,446 basehttp 8752 21152 "GET /admin/jsi18n/ HTTP/1.1" 200 6253
INFO 2025-07-02 15:29:23,907 basehttp 8752 21152 "GET /static/jazzmin/img/selector-icons.svg HTTP/1.1" 200 3291
INFO 2025-07-02 15:29:31,075 basehttp 8752 21152 "GET /admin/auth/user/ HTTP/1.1" 200 18547
INFO 2025-07-02 15:29:31,131 basehttp 8752 21152 "GET /admin/jsi18n/ HTTP/1.1" 200 6253
INFO 2025-07-02 15:35:48,705 autoreload 1532 19100 Watching for file changes with StatReloader
WARNING 2025-07-02 15:36:09,092 basehttp 1532 3600 "GET /swagger HTTP/1.1" 404 2096
WARNING 2025-07-02 15:36:09,280 basehttp 1532 3600 "GET /favicon.ico HTTP/1.1" 404 2108
INFO 2025-07-02 15:36:11,956 basehttp 1532 3600 "GET / HTTP/1.1" 200 10717
WARNING 2025-07-02 15:36:15,109 basehttp 1532 3600 "GET /dashboard/ HTTP/1.1" 404 2105
INFO 2025-07-02 15:37:21,734 autoreload 1532 19100 C:\Users\o.qosimov\Desktop\planshet\core\urls.py changed, reloading.
INFO 2025-07-02 15:37:22,582 autoreload 18804 18188 Watching for file changes with StatReloader
INFO 2025-07-02 15:38:01,079 autoreload 9040 21280 Watching for file changes with StatReloader
WARNING 2025-07-02 15:38:04,522 basehttp 9040 16420 "GET /dashboard/ HTTP/1.1" 404 2530
INFO 2025-07-02 15:38:09,388 basehttp 9040 16420 "GET /swagger HTTP/1.1" 301 0
ERROR 2025-07-02 15:38:09,421 log 9040 9952 Internal Server Error: /swagger/
Traceback (most recent call last):
  File "C:\Users\o.qosimov\Desktop\planshet\.venv\Lib\site-packages\django\core\handlers\exception.py", line 55, in inner
    response = get_response(request)
               ^^^^^^^^^^^^^^^^^^^^^
  File "C:\Users\o.qosimov\Desktop\planshet\.venv\Lib\site-packages\django\core\handlers\base.py", line 220, in _get_response
    response = response.render()
               ^^^^^^^^^^^^^^^^^
  File "C:\Users\o.qosimov\Desktop\planshet\.venv\Lib\site-packages\django\template\response.py", line 114, in render
    self.content = self.rendered_content
                   ^^^^^^^^^^^^^^^^^^^^^
  File "C:\Users\o.qosimov\Desktop\planshet\.venv\Lib\site-packages\rest_framework\response.py", line 74, in rendered_content
    ret = renderer.render(self.data, accepted_media_type, context)
          ^^^^^^^^^^^^^^^^^^^^^^^^^^^^^^^^^^^^^^^^^^^^^^^^^^^^^^^^
  File "C:\Users\o.qosimov\Desktop\planshet\.venv\Lib\site-packages\drf_yasg\renderers.py", line 79, in render
    return render_to_string(self.template, renderer_context, renderer_context['request'])
           ^^^^^^^^^^^^^^^^^^^^^^^^^^^^^^^^^^^^^^^^^^^^^^^^^^^^^^^^^^^^^^^^^^^^^^^^^^^^^^
  File "C:\Users\o.qosimov\Desktop\planshet\.venv\Lib\site-packages\django\template\loader.py", line 61, in render_to_string
    template = get_template(template_name, using=using)
               ^^^^^^^^^^^^^^^^^^^^^^^^^^^^^^^^^^^^^^^^
  File "C:\Users\o.qosimov\Desktop\planshet\.venv\Lib\site-packages\django\template\loader.py", line 19, in get_template
    raise TemplateDoesNotExist(template_name, chain=chain)
django.template.exceptions.TemplateDoesNotExist: drf-yasg/swagger-ui.html
ERROR 2025-07-02 15:38:09,425 basehttp 9040 9952 "GET /swagger/ HTTP/1.1" 500 103256
INFO 2025-07-02 15:39:12,942 autoreload 9040 21280 C:\Users\o.qosimov\Desktop\planshet\core\settings\base.py changed, reloading.
INFO 2025-07-02 15:39:13,959 autoreload 11632 8308 Watching for file changes with StatReloader
INFO 2025-07-02 15:39:15,889 autoreload 13344 20172 Watching for file changes with StatReloader
INFO 2025-07-02 15:39:17,073 basehttp 13344 13748 "GET /swagger/ HTTP/1.1" 200 2213
INFO 2025-07-02 15:39:17,237 basehttp 13344 13748 "GET /static/drf-yasg/style.css HTTP/1.1" 200 1047
INFO 2025-07-02 15:39:17,243 basehttp 13344 13748 "GET /static/drf-yasg/swagger-ui-init.js HTTP/1.1" 200 15480
INFO 2025-07-02 15:39:17,243 basehttp 13344 6760 "GET /static/drf-yasg/insQ.min.js HTTP/1.1" 200 2093
INFO 2025-07-02 15:39:17,246 basehttp 13344 14564 "GET /static/drf-yasg/immutable.min.js HTTP/1.1" 200 56904
INFO 2025-07-02 15:39:17,247 basehttp 13344 18424 "GET /static/drf-yasg/swagger-ui-dist/swagger-ui.css HTTP/1.1" 200 145206
INFO 2025-07-02 15:39:17,250 basehttp 13344 20156 "GET /static/drf-yasg/swagger-ui-dist/swagger-ui-standalone-preset.js HTTP/1.1" 200 322863
INFO 2025-07-02 15:39:17,254 basehttp 13344 6528 "GET /static/drf-yasg/swagger-ui-dist/swagger-ui-bundle.js HTTP/1.1" 200 1046583
INFO 2025-07-02 15:39:17,517 basehttp 13344 6528 "GET /swagger/?format=openapi HTTP/1.1" 200 476
INFO 2025-07-02 15:39:17,567 basehttp 13344 6528 "GET /static/drf-yasg/swagger-ui-dist/favicon-32x32.png HTTP/1.1" 200 628
WARNING 2025-07-02 15:39:21,615 basehttp 13344 6528 "GET /accounts/login/?next=/swagger/ HTTP/1.1" 404 2560
INFO 2025-07-02 15:41:10,523 autoreload 13344 20172 C:\Users\o.qosimov\Desktop\planshet\core\urls.py changed, reloading.
INFO 2025-07-02 15:41:11,403 autoreload 18884 19112 Watching for file changes with StatReloader
WARNING 2025-07-02 15:41:23,108 basehttp 18884 7472 "GET /api/ HTTP/1.1" 404 2890
INFO 2025-07-02 15:41:27,779 basehttp 18884 7472 "GET /api/schema HTTP/1.1" 301 0
INFO 2025-07-02 15:41:27,795 basehttp 18884 21616 "GET /api/schema/ HTTP/1.1" 200 120
WARNING 2025-07-02 15:41:39,612 basehttp 18884 21616 "GET /api/swagger HTTP/1.1" 404 2911
INFO 2025-07-02 15:41:44,611 basehttp 18884 21616 "GET /api/docs HTTP/1.1" 301 0
INFO 2025-07-02 15:41:44,622 basehttp 18884 14756 "GET /api/docs/ HTTP/1.1" 200 4269
INFO 2025-07-02 15:41:46,132 basehttp 18884 14756 "GET /api/schema/ HTTP/1.1" 200 192
INFO 2025-07-02 15:41:49,697 basehttp 18884 14756 "GET /api/schema/ HTTP/1.1" 200 120
INFO 2025-07-02 15:54:44,743 autoreload 18884 19112 C:\Users\o.qosimov\Desktop\planshet\core\settings\base.py changed, reloading.
INFO 2025-07-02 15:54:45,806 autoreload 9892 17124 Watching for file changes with StatReloader
INFO 2025-07-02 15:55:41,241 autoreload 9892 17124 C:\Users\o.qosimov\Desktop\planshet\apps\home\models.py changed, reloading.
INFO 2025-07-02 15:55:42,112 autoreload 18288 13032 Watching for file changes with StatReloader
INFO 2025-07-02 15:56:01,063 autoreload 18288 13032 C:\Users\o.qosimov\Desktop\planshet\apps\home\models.py changed, reloading.
INFO 2025-07-02 15:56:01,907 autoreload 21616 14244 Watching for file changes with StatReloader
INFO 2025-07-02 15:56:26,185 autoreload 21616 14244 C:\Users\o.qosimov\Desktop\planshet\apps\home\models.py changed, reloading.
INFO 2025-07-02 15:56:27,104 autoreload 10628 13224 Watching for file changes with StatReloader
INFO 2025-07-02 15:57:25,881 autoreload 10628 13224 C:\Users\o.qosimov\Desktop\planshet\apps\home\models.py changed, reloading.
INFO 2025-07-02 15:57:26,767 autoreload 6104 15416 Watching for file changes with StatReloader
INFO 2025-07-02 15:57:51,003 autoreload 6104 15416 C:\Users\o.qosimov\Desktop\planshet\apps\home\models.py changed, reloading.
INFO 2025-07-02 15:57:51,824 autoreload 22080 6152 Watching for file changes with StatReloader
INFO 2025-07-02 15:58:16,020 autoreload 22080 6152 C:\Users\o.qosimov\Desktop\planshet\apps\home\models.py changed, reloading.
INFO 2025-07-02 15:58:16,899 autoreload 8760 13528 Watching for file changes with StatReloader
INFO 2025-07-02 15:59:31,651 autoreload 8760 13528 C:\Users\o.qosimov\Desktop\planshet\apps\form\models.py changed, reloading.
INFO 2025-07-02 15:59:32,527 autoreload 6060 16504 Watching for file changes with StatReloader
INFO 2025-07-02 15:59:56,870 autoreload 6060 16504 C:\Users\o.qosimov\Desktop\planshet\apps\form\models.py changed, reloading.
INFO 2025-07-02 15:59:57,775 autoreload 18664 16064 Watching for file changes with StatReloader
INFO 2025-07-02 16:01:14,729 autoreload 18664 16064 C:\Users\o.qosimov\Desktop\planshet\apps\form\models.py changed, reloading.
INFO 2025-07-02 16:01:15,781 autoreload 19848 19132 Watching for file changes with StatReloader
INFO 2025-07-02 16:02:01,912 autoreload 19848 19132 C:\Users\o.qosimov\Desktop\planshet\apps\form\models.py changed, reloading.
INFO 2025-07-02 16:02:03,744 autoreload 22156 1448 Watching for file changes with StatReloader
INFO 2025-07-02 16:02:18,505 autoreload 22156 1448 C:\Users\o.qosimov\Desktop\planshet\apps\form\models.py changed, reloading.
INFO 2025-07-02 16:02:19,321 autoreload 11136 2588 Watching for file changes with StatReloader
INFO 2025-07-02 16:03:00,749 autoreload 11136 2588 C:\Users\o.qosimov\Desktop\planshet\apps\form\models.py changed, reloading.
INFO 2025-07-02 16:03:01,559 autoreload 13508 17280 Watching for file changes with StatReloader
INFO 2025-07-02 16:04:40,141 autoreload 13508 17280 C:\Users\o.qosimov\Desktop\planshet\apps\form\models.py changed, reloading.
INFO 2025-07-02 16:04:40,967 autoreload 9616 14876 Watching for file changes with StatReloader
INFO 2025-07-02 16:06:01,681 autoreload 9616 14876 C:\Users\o.qosimov\Desktop\planshet\apps\form\models.py changed, reloading.
INFO 2025-07-02 16:06:02,529 autoreload 12492 10452 Watching for file changes with StatReloader
INFO 2025-07-02 16:06:17,178 autoreload 12492 10452 C:\Users\o.qosimov\Desktop\planshet\apps\form\models.py changed, reloading.
INFO 2025-07-02 16:06:18,032 autoreload 15692 2132 Watching for file changes with StatReloader
INFO 2025-07-02 16:06:47,893 autoreload 15692 2132 C:\Users\o.qosimov\Desktop\planshet\apps\form\models.py changed, reloading.
INFO 2025-07-02 16:06:48,787 autoreload 5344 19176 Watching for file changes with StatReloader
INFO 2025-07-02 16:07:06,905 autoreload 5344 19176 C:\Users\o.qosimov\Desktop\planshet\apps\form\models.py changed, reloading.
INFO 2025-07-02 16:07:07,694 autoreload 16508 19340 Watching for file changes with StatReloader
INFO 2025-07-02 16:09:48,871 autoreload 16508 19340 C:\Users\o.qosimov\Desktop\planshet\apps\form\models.py changed, reloading.
INFO 2025-07-02 16:09:49,670 autoreload 14020 8124 Watching for file changes with StatReloader
INFO 2025-07-02 16:10:22,449 autoreload 14020 8124 C:\Users\o.qosimov\Desktop\planshet\apps\form\models.py changed, reloading.
INFO 2025-07-02 16:10:23,249 autoreload 2596 15116 Watching for file changes with StatReloader
INFO 2025-07-02 16:10:38,873 autoreload 2596 15116 C:\Users\o.qosimov\Desktop\planshet\apps\form\models.py changed, reloading.
INFO 2025-07-02 16:10:39,841 autoreload 9432 15080 Watching for file changes with StatReloader
INFO 2025-07-02 16:12:59,201 autoreload 9432 15080 C:\Users\o.qosimov\Desktop\planshet\apps\home\models.py changed, reloading.
INFO 2025-07-02 16:13:00,208 autoreload 16524 22288 Watching for file changes with StatReloader
INFO 2025-07-02 16:13:18,122 autoreload 16524 22288 C:\Users\o.qosimov\Desktop\planshet\apps\home\models.py changed, reloading.
INFO 2025-07-02 16:13:19,127 autoreload 21376 20172 Watching for file changes with StatReloader
INFO 2025-07-02 16:13:30,485 autoreload 21376 20172 C:\Users\o.qosimov\Desktop\planshet\apps\home\models.py changed, reloading.
INFO 2025-07-02 16:13:31,298 autoreload 16824 8200 Watching for file changes with StatReloader
INFO 2025-07-02 16:13:58,707 autoreload 16824 8200 C:\Users\o.qosimov\Desktop\planshet\apps\home\models.py changed, reloading.
INFO 2025-07-02 16:13:59,509 autoreload 6228 6036 Watching for file changes with StatReloader
INFO 2025-07-02 16:14:24,988 autoreload 6228 6036 C:\Users\o.qosimov\Desktop\planshet\apps\home\models.py changed, reloading.
INFO 2025-07-02 16:14:25,879 autoreload 17712 6708 Watching for file changes with StatReloader
INFO 2025-07-02 16:14:36,411 autoreload 17712 6708 C:\Users\o.qosimov\Desktop\planshet\apps\home\models.py changed, reloading.
INFO 2025-07-02 16:14:37,264 autoreload 21964 15128 Watching for file changes with StatReloader
INFO 2025-07-02 16:14:46,545 autoreload 21964 15128 C:\Users\o.qosimov\Desktop\planshet\apps\home\models.py changed, reloading.
INFO 2025-07-02 16:14:47,377 autoreload 22156 18840 Watching for file changes with StatReloader
INFO 2025-07-02 16:15:29,900 autoreload 22156 18840 C:\Users\o.qosimov\Desktop\planshet\apps\home\models.py changed, reloading.
INFO 2025-07-02 16:15:30,855 autoreload 9280 6228 Watching for file changes with StatReloader
INFO 2025-07-02 16:15:42,124 autoreload 9280 6228 C:\Users\o.qosimov\Desktop\planshet\apps\home\models.py changed, reloading.
INFO 2025-07-02 16:15:43,068 autoreload 16176 7220 Watching for file changes with StatReloader
INFO 2025-07-02 16:17:47,925 autoreload 16176 7220 C:\Users\o.qosimov\Desktop\planshet\apps\home\models.py changed, reloading.
INFO 2025-07-02 16:17:48,822 autoreload 19872 10052 Watching for file changes with StatReloader
INFO 2025-07-02 16:17:55,820 autoreload 19872 10052 C:\Users\o.qosimov\Desktop\planshet\apps\home\models.py changed, reloading.
INFO 2025-07-02 16:17:56,599 autoreload 17560 13620 Watching for file changes with StatReloader
INFO 2025-07-02 16:18:16,698 autoreload 17560 13620 C:\Users\o.qosimov\Desktop\planshet\apps\home\models.py changed, reloading.
INFO 2025-07-02 16:18:17,563 autoreload 15312 5736 Watching for file changes with StatReloader
INFO 2025-07-02 16:19:00,092 autoreload 15312 5736 C:\Users\o.qosimov\Desktop\planshet\apps\home\models.py changed, reloading.
INFO 2025-07-02 16:19:01,036 autoreload 12676 14216 Watching for file changes with StatReloader
INFO 2025-07-02 16:19:53,283 autoreload 12676 14216 C:\Users\o.qosimov\Desktop\planshet\apps\home\models.py changed, reloading.
INFO 2025-07-02 16:19:54,083 autoreload 13592 13168 Watching for file changes with StatReloader
INFO 2025-07-02 16:21:57,036 autoreload 13592 13168 C:\Users\o.qosimov\Desktop\planshet\apps\form\models.py changed, reloading.
INFO 2025-07-02 16:21:58,387 autoreload 11800 8424 Watching for file changes with StatReloader
INFO 2025-07-02 16:37:05,771 autoreload 11800 8424 C:\Users\o.qosimov\Desktop\planshet\apps\common\models.py changed, reloading.
INFO 2025-07-02 16:37:06,703 autoreload 3916 16272 Watching for file changes with StatReloader
INFO 2025-07-02 16:39:22,918 autoreload 3916 16272 C:\Users\o.qosimov\Desktop\planshet\apps\home\models.py changed, reloading.
INFO 2025-07-02 16:39:23,744 autoreload 10560 11916 Watching for file changes with StatReloader
INFO 2025-07-02 16:40:18,050 autoreload 10560 11916 C:\Users\o.qosimov\Desktop\planshet\apps\home\models.py changed, reloading.
INFO 2025-07-02 16:40:18,756 autoreload 15024 1976 Watching for file changes with StatReloader
INFO 2025-07-02 16:40:34,512 autoreload 15024 1976 C:\Users\o.qosimov\Desktop\planshet\apps\home\models.py changed, reloading.
INFO 2025-07-02 16:40:35,309 autoreload 5736 22432 Watching for file changes with StatReloader
INFO 2025-07-02 16:40:47,911 autoreload 5736 22432 C:\Users\o.qosimov\Desktop\planshet\apps\home\models.py changed, reloading.
INFO 2025-07-02 16:40:48,695 autoreload 2704 11976 Watching for file changes with StatReloader
INFO 2025-07-02 16:41:21,729 autoreload 2704 11976 C:\Users\o.qosimov\Desktop\planshet\apps\home\models.py changed, reloading.
INFO 2025-07-02 16:41:22,607 autoreload 11992 11964 Watching for file changes with StatReloader
INFO 2025-07-02 16:42:53,468 autoreload 11992 11964 C:\Users\o.qosimov\Desktop\planshet\apps\home\models.py changed, reloading.
INFO 2025-07-02 16:42:54,282 autoreload 16604 9352 Watching for file changes with StatReloader
INFO 2025-07-02 16:43:12,233 autoreload 16604 9352 C:\Users\o.qosimov\Desktop\planshet\apps\home\models.py changed, reloading.
INFO 2025-07-02 16:43:13,072 autoreload 3636 4364 Watching for file changes with StatReloader
INFO 2025-07-02 16:43:50,254 autoreload 3636 4364 C:\Users\o.qosimov\Desktop\planshet\apps\home\models.py changed, reloading.
INFO 2025-07-02 16:43:51,037 autoreload 16708 5848 Watching for file changes with StatReloader
INFO 2025-07-02 16:45:03,697 autoreload 16708 5848 C:\Users\o.qosimov\Desktop\planshet\apps\home\models.py changed, reloading.
INFO 2025-07-02 16:45:04,597 autoreload 17160 12172 Watching for file changes with StatReloader
INFO 2025-07-02 16:48:18,954 autoreload 17160 12172 C:\Users\o.qosimov\Desktop\planshet\apps\home\models.py changed, reloading.
INFO 2025-07-02 16:48:20,221 autoreload 12188 19368 Watching for file changes with StatReloader
INFO 2025-07-02 17:05:18,863 autoreload 19716 11936 Watching for file changes with StatReloader
INFO 2025-07-02 17:06:52,753 autoreload 9616 8644 Watching for file changes with StatReloader
INFO 2025-07-02 17:09:24,885 autoreload 16320 9884 Watching for file changes with StatReloader
INFO 2025-07-02 17:10:40,662 autoreload 16320 9884 C:\Users\o.qosimov\Desktop\planshet\apps\form\models.py changed, reloading.
INFO 2025-07-02 17:10:41,557 autoreload 19248 19260 Watching for file changes with StatReloader
INFO 2025-07-02 17:10:47,486 autoreload 19248 19260 C:\Users\o.qosimov\Desktop\planshet\apps\form\models.py changed, reloading.
INFO 2025-07-02 17:10:48,309 autoreload 10268 11572 Watching for file changes with StatReloader
INFO 2025-07-02 17:11:40,614 autoreload 3168 15976 Watching for file changes with StatReloader
INFO 2025-07-02 17:12:24,150 autoreload 3168 15976 C:\Users\o.qosimov\Desktop\planshet\core\settings\base.py changed, reloading.
